<?xml version="1.0" encoding="UTF-8"?>
<testsuite name="qa.tonykid.addressbook.GroupCreationTest" tests="1" skipped="0" failures="0" errors="0" timestamp="2020-11-12T14:07:37" hostname="DESKTOP-K3C7J1J" time="0.969">
  <properties/>
  <testcase name="testGroupCreation" classname="qa.tonykid.addressbook.GroupCreationTest" time="0.969"/>
  <system-out><![CDATA[]]></system-out>
  <system-err><![CDATA[Starting ChromeDriver 86.0.4240.22 (398b0743353ff36fb1b82468f63a3a93b4e2e89e-refs/branch-heads/4240@{#378}) on port 8159
Only local connections are allowed.
Please see https://chromedriver.chromium.org/security-considerations for suggestions on keeping ChromeDriver safe.
ChromeDriver was started successfully.
Nov 12, 2020 4:07:34 PM org.openqa.selenium.remote.ProtocolHandshake createSession
INFO: Detected dialect: W3C
]]></system-err>
</testsuite>
